<?xml version="1.0" encoding="UTF-8"?>
<!-- Generated by org.testng.reporters.JUnitReportReporter -->
<testsuite hostname="MNCTVN05589" name="testcases.CompetitionVote" tests="6" failures="0" timestamp="6 Nov 2020 11:21:46 GMT" time="64.462" errors="0">
  <testcase name="VoteCompetitionNow" time="15.972" classname="testcases.CompetitionVote"/>
  <testcase name="VoteCompetitionExpired" time="15.690" classname="testcases.CompetitionVote"/>
  <testcase name="getVoteQuotaCompetitionSoon" time="4.685" classname="testcases.CompetitionVote"/>
  <testcase name="getVoteQuotaCompetitionExpired" time="9.642" classname="testcases.CompetitionVote"/>
  <testcase name="VoteCompetitionSoon" time="6.142" classname="testcases.CompetitionVote"/>
  <testcase name="getVoteQuotaCompetitionNow" time="12.331" classname="testcases.CompetitionVote"/>
</testsuite> <!-- testcases.CompetitionVote -->
